This file contains any messages produced by compilers while
running configure, to aid debugging if configure makes a mistake.

It was created by configure, which was
generated by GNU Autoconf 2.67.  Invocation command line was

  $ ./configure 

## --------- ##
## Platform. ##
## --------- ##

hostname = Neevite
uname -m = x86_64
uname -r = 3.13.0-19-generic
uname -s = Linux
uname -v = #40-Ubuntu SMP Mon Mar 24 02:36:06 UTC 2014

/usr/bin/uname -p = unknown
/bin/uname -X     = unknown

/bin/arch              = unknown
/usr/bin/arch -k       = unknown
/usr/convex/getsysinfo = unknown
/usr/bin/hostinfo      = unknown
/bin/machine           = unknown
/usr/bin/oslevel       = unknown
/bin/universe          = unknown

PATH: /usr/lib/jdk1.7.0_40/bin
PATH: /usr/local/sbin
PATH: /usr/local/bin
PATH: /usr/sbin
PATH: /usr/bin
PATH: /sbin
PATH: /bin
PATH: /usr/games
PATH: /usr/local/games
PATH: /home/raman/insight3d/visuamsfm/vsfm/bin
PATH: /home/raman/adt-bundle-linux-x86_64/sdk/tools
PATH: /home/raman/adt-bundle-linux-x86_64/sdk/platform-tools
PATH: /home/raman/apache-ant-1.9.1/bin


## ----------- ##
## Core tests. ##
## ----------- ##

configure:2589: checking for a BSD-compatible install
configure:2657: result: /usr/bin/install -c
configure:2668: checking whether build environment is sane
configure:2718: result: yes
configure:2859: checking for a thread-safe mkdir -p
configure:2898: result: /bin/mkdir -p
configure:2911: checking for gawk
configure:2941: result: no
configure:2911: checking for mawk
configure:2927: found /usr/bin/mawk
configure:2938: result: mawk
configure:2949: checking whether make sets $(MAKE)
configure:2971: result: yes
configure:3155: checking build system type
configure:3169: result: x86_64-unknown-linux-gnu
configure:3189: checking host system type
configure:3202: result: x86_64-unknown-linux-gnu
configure:3234: checking for style of include used by make
configure:3262: result: GNU
configure:3332: checking for gcc
configure:3348: found /usr/bin/gcc
configure:3359: result: gcc
configure:3588: checking for C compiler version
configure:3597: gcc --version >&5
gcc (Ubuntu 4.8.2-19ubuntu1) 4.8.2
Copyright (C) 2013 Free Software Foundation, Inc.
This is free software; see the source for copying conditions.  There is NO
warranty; not even for MERCHANTABILITY or FITNESS FOR A PARTICULAR PURPOSE.

configure:3608: $? = 0
configure:3597: gcc -v >&5
Using built-in specs.
COLLECT_GCC=gcc
COLLECT_LTO_WRAPPER=/usr/lib/gcc/x86_64-linux-gnu/4.8/lto-wrapper
Target: x86_64-linux-gnu
Configured with: ../src/configure -v --with-pkgversion='Ubuntu 4.8.2-19ubuntu1' --with-bugurl=file:///usr/share/doc/gcc-4.8/README.Bugs --enable-languages=c,c++,java,go,d,fortran,objc,obj-c++ --prefix=/usr --program-suffix=-4.8 --enable-shared --enable-linker-build-id --libexecdir=/usr/lib --without-included-gettext --enable-threads=posix --with-gxx-include-dir=/usr/include/c++/4.8 --libdir=/usr/lib --enable-nls --with-sysroot=/ --enable-clocale=gnu --enable-libstdcxx-debug --enable-libstdcxx-time=yes --enable-gnu-unique-object --disable-libmudflap --enable-plugin --with-system-zlib --disable-browser-plugin --enable-java-awt=gtk --enable-gtk-cairo --with-java-home=/usr/lib/jvm/java-1.5.0-gcj-4.8-amd64/jre --enable-java-home --with-jvm-root-dir=/usr/lib/jvm/java-1.5.0-gcj-4.8-amd64 --with-jvm-jar-dir=/usr/lib/jvm-exports/java-1.5.0-gcj-4.8-amd64 --with-arch-directory=amd64 --with-ecj-jar=/usr/share/java/eclipse-ecj.jar --enable-objc-gc --enable-multiarch --disable-werror --with-arch-32=i686 --with-abi=m64 --with-multilib-list=m32,m64,mx32 --with-tune=generic --enable-checking=release --build=x86_64-linux-gnu --host=x86_64-linux-gnu --target=x86_64-linux-gnu
Thread model: posix
gcc version 4.8.2 (Ubuntu 4.8.2-19ubuntu1) 
configure:3608: $? = 0
configure:3597: gcc -V >&5
gcc: error: unrecognized command line option '-V'
gcc: fatal error: no input files
compilation terminated.
configure:3608: $? = 4
configure:3597: gcc -qversion >&5
gcc: error: unrecognized command line option '-qversion'
gcc: fatal error: no input files
compilation terminated.
configure:3608: $? = 4
configure:3628: checking whether the C compiler works
configure:3650: gcc    conftest.c  >&5
configure:3654: $? = 0
configure:3702: result: yes
configure:3705: checking for C compiler default output file name
configure:3707: result: a.out
configure:3713: checking for suffix of executables
configure:3720: gcc -o conftest    conftest.c  >&5
configure:3724: $? = 0
configure:3746: result: 
configure:3768: checking whether we are cross compiling
configure:3776: gcc -o conftest    conftest.c  >&5
configure:3780: $? = 0
configure:3787: ./conftest
configure:3791: $? = 0
configure:3806: result: no
configure:3811: checking for suffix of object files
configure:3833: gcc -c   conftest.c >&5
configure:3837: $? = 0
configure:3858: result: o
configure:3862: checking whether we are using the GNU C compiler
configure:3881: gcc -c   conftest.c >&5
configure:3881: $? = 0
configure:3890: result: yes
configure:3899: checking whether gcc accepts -g
configure:3919: gcc -c -g  conftest.c >&5
configure:3919: $? = 0
configure:3960: result: yes
configure:3977: checking for gcc option to accept ISO C89
configure:4041: gcc  -c -g -O2  conftest.c >&5
configure:4041: $? = 0
configure:4054: result: none needed
configure:4076: checking dependency style of gcc
configure:4186: result: gcc3
configure:4201: checking for a sed that does not truncate output
configure:4265: result: /bin/sed
configure:4283: checking for grep that handles long lines and -e
configure:4341: result: /bin/grep
configure:4346: checking for egrep
configure:4408: result: /bin/grep -E
configure:4413: checking for fgrep
configure:4475: result: /bin/grep -F
configure:4510: checking for ld used by gcc
configure:4577: result: /usr/bin/ld
configure:4584: checking if the linker (/usr/bin/ld) is GNU ld
configure:4599: result: yes
configure:4611: checking for BSD- or MS-compatible name lister (nm)
configure:4660: result: /usr/bin/nm -B
configure:4778: checking the name lister (/usr/bin/nm -B) interface
configure:4785: gcc -c -g -O2  conftest.c >&5
configure:4788: /usr/bin/nm -B "conftest.o"
configure:4791: output
0000000000000000 B some_variable
configure:4798: result: BSD nm
configure:4801: checking whether ln -s works
configure:4805: result: yes
configure:4813: checking the maximum length of command line arguments
configure:4933: result: 1572864
configure:4950: checking whether the shell understands some XSI constructs
configure:4960: result: yes
configure:4964: checking whether the shell understands "+="
configure:4970: result: yes
configure:5005: checking for /usr/bin/ld option to reload object files
configure:5012: result: -r
configure:5081: checking for objdump
configure:5097: found /usr/bin/objdump
configure:5108: result: objdump
configure:5140: checking how to recognize dependent libraries
configure:5336: result: pass_all
configure:5396: checking for ar
configure:5412: found /usr/bin/ar
configure:5423: result: ar
configure:5501: checking for strip
configure:5517: found /usr/bin/strip
configure:5528: result: strip
configure:5600: checking for ranlib
configure:5616: found /usr/bin/ranlib
configure:5627: result: ranlib
configure:5717: checking command to parse /usr/bin/nm -B output from gcc object
configure:5835: gcc -c -g -O2  conftest.c >&5
configure:5838: $? = 0
configure:5842: /usr/bin/nm -B conftest.o \| sed -n -e 's/^.*[	 ]\([ABCDGIRSTW][ABCDGIRSTW]*\)[	 ][	 ]*\([_A-Za-z][_A-Za-z0-9]*\)$/\1 \2 \2/p' \> conftest.nm
configure:5845: $? = 0
configure:5899: gcc -o conftest -g -O2   conftest.c conftstm.o >&5
configure:5902: $? = 0
configure:5940: result: ok
configure:6036: gcc -c -g -O2  conftest.c >&5
configure:6039: $? = 0
configure:6749: checking how to run the C preprocessor
configure:6780: gcc -E  conftest.c
configure:6780: $? = 0
configure:6794: gcc -E  conftest.c
conftest.c:11:28: fatal error: ac_nonexistent.h: No such file or directory
 #include <ac_nonexistent.h>
                            ^
compilation terminated.
configure:6794: $? = 1
configure: failed program was:
| /* confdefs.h */
| #define PACKAGE_NAME ""
| #define PACKAGE_TARNAME ""
| #define PACKAGE_VERSION ""
| #define PACKAGE_STRING ""
| #define PACKAGE_BUGREPORT ""
| #define PACKAGE_URL ""
| #define PACKAGE "eviacam"
| #define VERSION "1.7.0"
| /* end confdefs.h.  */
| #include <ac_nonexistent.h>
configure:6819: result: gcc -E
configure:6839: gcc -E  conftest.c
configure:6839: $? = 0
configure:6853: gcc -E  conftest.c
conftest.c:11:28: fatal error: ac_nonexistent.h: No such file or directory
 #include <ac_nonexistent.h>
                            ^
compilation terminated.
configure:6853: $? = 1
configure: failed program was:
| /* confdefs.h */
| #define PACKAGE_NAME ""
| #define PACKAGE_TARNAME ""
| #define PACKAGE_VERSION ""
| #define PACKAGE_STRING ""
| #define PACKAGE_BUGREPORT ""
| #define PACKAGE_URL ""
| #define PACKAGE "eviacam"
| #define VERSION "1.7.0"
| /* end confdefs.h.  */
| #include <ac_nonexistent.h>
configure:6882: checking for ANSI C header files
configure:6902: gcc -c -g -O2  conftest.c >&5
configure:6902: $? = 0
configure:6975: gcc -o conftest -g -O2   conftest.c  >&5
configure:6975: $? = 0
configure:6975: ./conftest
configure:6975: $? = 0
configure:6986: result: yes
configure:6999: checking for sys/types.h
configure:6999: gcc -c -g -O2  conftest.c >&5
configure:6999: $? = 0
configure:6999: result: yes
configure:6999: checking for sys/stat.h
configure:6999: gcc -c -g -O2  conftest.c >&5
configure:6999: $? = 0
configure:6999: result: yes
configure:6999: checking for stdlib.h
configure:6999: gcc -c -g -O2  conftest.c >&5
configure:6999: $? = 0
configure:6999: result: yes
configure:6999: checking for string.h
configure:6999: gcc -c -g -O2  conftest.c >&5
configure:6999: $? = 0
configure:6999: result: yes
configure:6999: checking for memory.h
configure:6999: gcc -c -g -O2  conftest.c >&5
configure:6999: $? = 0
configure:6999: result: yes
configure:6999: checking for strings.h
configure:6999: gcc -c -g -O2  conftest.c >&5
configure:6999: $? = 0
configure:6999: result: yes
configure:6999: checking for inttypes.h
configure:6999: gcc -c -g -O2  conftest.c >&5
configure:6999: $? = 0
configure:6999: result: yes
configure:6999: checking for stdint.h
configure:6999: gcc -c -g -O2  conftest.c >&5
configure:6999: $? = 0
configure:6999: result: yes
configure:6999: checking for unistd.h
configure:6999: gcc -c -g -O2  conftest.c >&5
configure:6999: $? = 0
configure:6999: result: yes
configure:7013: checking for dlfcn.h
configure:7013: gcc -c -g -O2  conftest.c >&5
configure:7013: $? = 0
configure:7013: result: yes
configure:7137: checking for objdir
configure:7152: result: .libs
configure:7448: checking if gcc supports -fno-rtti -fno-exceptions
configure:7466: gcc -c -g -O2  -fno-rtti -fno-exceptions conftest.c >&5
cc1: warning: command line option '-fno-rtti' is valid for C++/ObjC++ but not for C [enabled by default]
configure:7470: $? = 0
configure:7483: result: no
configure:7503: checking for gcc option to produce PIC
configure:7775: result: -fPIC -DPIC
configure:7787: checking if gcc PIC flag -fPIC -DPIC works
configure:7805: gcc -c -g -O2  -fPIC -DPIC -DPIC conftest.c >&5
configure:7809: $? = 0
configure:7822: result: yes
configure:7846: checking if gcc static flag -static works
configure:7874: result: yes
configure:7889: checking if gcc supports -c -o file.o
configure:7910: gcc -c -g -O2  -o out/conftest2.o conftest.c >&5
configure:7914: $? = 0
configure:7936: result: yes
configure:7944: checking if gcc supports -c -o file.o
configure:7991: result: yes
configure:8024: checking whether the gcc linker (/usr/bin/ld -m elf_x86_64) supports shared libraries
configure:9015: result: yes
configure:9052: checking whether -lc should be explicitly linked in
configure:9057: gcc -c -g -O2  conftest.c >&5
configure:9060: $? = 0
configure:9075: gcc -shared conftest.o  -v -Wl,-soname -Wl,conftest -o conftest 2\>\&1 \| /bin/grep  -lc  \>/dev/null 2\>\&1
configure:9078: $? = 0
configure:9090: result: no
configure:9254: checking dynamic linker characteristics
configure:9687: gcc -o conftest -g -O2   -Wl,-rpath -Wl,/foo conftest.c  >&5
configure:9687: $? = 0
configure:9917: result: GNU/Linux ld.so
configure:10019: checking how to hardcode library paths into programs
configure:10044: result: immediate
configure:10564: checking whether stripping libraries is possible
configure:10569: result: yes
configure:10604: checking if libtool supports shared libraries
configure:10606: result: yes
configure:10609: checking whether to build shared libraries
configure:10630: result: yes
configure:10633: checking whether to build static libraries
configure:10637: result: no
configure:10723: checking for gcc
configure:10750: result: gcc
configure:10979: checking for C compiler version
configure:10988: gcc --version >&5
gcc (Ubuntu 4.8.2-19ubuntu1) 4.8.2
Copyright (C) 2013 Free Software Foundation, Inc.
This is free software; see the source for copying conditions.  There is NO
warranty; not even for MERCHANTABILITY or FITNESS FOR A PARTICULAR PURPOSE.

configure:10999: $? = 0
configure:10988: gcc -v >&5
Using built-in specs.
COLLECT_GCC=gcc
COLLECT_LTO_WRAPPER=/usr/lib/gcc/x86_64-linux-gnu/4.8/lto-wrapper
Target: x86_64-linux-gnu
Configured with: ../src/configure -v --with-pkgversion='Ubuntu 4.8.2-19ubuntu1' --with-bugurl=file:///usr/share/doc/gcc-4.8/README.Bugs --enable-languages=c,c++,java,go,d,fortran,objc,obj-c++ --prefix=/usr --program-suffix=-4.8 --enable-shared --enable-linker-build-id --libexecdir=/usr/lib --without-included-gettext --enable-threads=posix --with-gxx-include-dir=/usr/include/c++/4.8 --libdir=/usr/lib --enable-nls --with-sysroot=/ --enable-clocale=gnu --enable-libstdcxx-debug --enable-libstdcxx-time=yes --enable-gnu-unique-object --disable-libmudflap --enable-plugin --with-system-zlib --disable-browser-plugin --enable-java-awt=gtk --enable-gtk-cairo --with-java-home=/usr/lib/jvm/java-1.5.0-gcj-4.8-amd64/jre --enable-java-home --with-jvm-root-dir=/usr/lib/jvm/java-1.5.0-gcj-4.8-amd64 --with-jvm-jar-dir=/usr/lib/jvm-exports/java-1.5.0-gcj-4.8-amd64 --with-arch-directory=amd64 --with-ecj-jar=/usr/share/java/eclipse-ecj.jar --enable-objc-gc --enable-multiarch --disable-werror --with-arch-32=i686 --with-abi=m64 --with-multilib-list=m32,m64,mx32 --with-tune=generic --enable-checking=release --build=x86_64-linux-gnu --host=x86_64-linux-gnu --target=x86_64-linux-gnu
Thread model: posix
gcc version 4.8.2 (Ubuntu 4.8.2-19ubuntu1) 
configure:10999: $? = 0
configure:10988: gcc -V >&5
gcc: error: unrecognized command line option '-V'
gcc: fatal error: no input files
compilation terminated.
configure:10999: $? = 4
configure:10988: gcc -qversion >&5
gcc: error: unrecognized command line option '-qversion'
gcc: fatal error: no input files
compilation terminated.
configure:10999: $? = 4
configure:11003: checking whether we are using the GNU C compiler
configure:11031: result: yes
configure:11040: checking whether gcc accepts -g
configure:11101: result: yes
configure:11118: checking for gcc option to accept ISO C89
configure:11195: result: none needed
configure:11217: checking dependency style of gcc
configure:11327: result: gcc3
configure:11400: checking for g++
configure:11416: found /usr/bin/g++
configure:11427: result: g++
configure:11454: checking for C++ compiler version
configure:11463: g++ --version >&5
g++ (Ubuntu 4.8.2-19ubuntu1) 4.8.2
Copyright (C) 2013 Free Software Foundation, Inc.
This is free software; see the source for copying conditions.  There is NO
warranty; not even for MERCHANTABILITY or FITNESS FOR A PARTICULAR PURPOSE.

configure:11474: $? = 0
configure:11463: g++ -v >&5
Using built-in specs.
COLLECT_GCC=g++
COLLECT_LTO_WRAPPER=/usr/lib/gcc/x86_64-linux-gnu/4.8/lto-wrapper
Target: x86_64-linux-gnu
Configured with: ../src/configure -v --with-pkgversion='Ubuntu 4.8.2-19ubuntu1' --with-bugurl=file:///usr/share/doc/gcc-4.8/README.Bugs --enable-languages=c,c++,java,go,d,fortran,objc,obj-c++ --prefix=/usr --program-suffix=-4.8 --enable-shared --enable-linker-build-id --libexecdir=/usr/lib --without-included-gettext --enable-threads=posix --with-gxx-include-dir=/usr/include/c++/4.8 --libdir=/usr/lib --enable-nls --with-sysroot=/ --enable-clocale=gnu --enable-libstdcxx-debug --enable-libstdcxx-time=yes --enable-gnu-unique-object --disable-libmudflap --enable-plugin --with-system-zlib --disable-browser-plugin --enable-java-awt=gtk --enable-gtk-cairo --with-java-home=/usr/lib/jvm/java-1.5.0-gcj-4.8-amd64/jre --enable-java-home --with-jvm-root-dir=/usr/lib/jvm/java-1.5.0-gcj-4.8-amd64 --with-jvm-jar-dir=/usr/lib/jvm-exports/java-1.5.0-gcj-4.8-amd64 --with-arch-directory=amd64 --with-ecj-jar=/usr/share/java/eclipse-ecj.jar --enable-objc-gc --enable-multiarch --disable-werror --with-arch-32=i686 --with-abi=m64 --with-multilib-list=m32,m64,mx32 --with-tune=generic --enable-checking=release --build=x86_64-linux-gnu --host=x86_64-linux-gnu --target=x86_64-linux-gnu
Thread model: posix
gcc version 4.8.2 (Ubuntu 4.8.2-19ubuntu1) 
configure:11474: $? = 0
configure:11463: g++ -V >&5
g++: error: unrecognized command line option '-V'
g++: fatal error: no input files
compilation terminated.
configure:11474: $? = 4
configure:11463: g++ -qversion >&5
g++: error: unrecognized command line option '-qversion'
g++: fatal error: no input files
compilation terminated.
configure:11474: $? = 4
configure:11478: checking whether we are using the GNU C++ compiler
configure:11497: g++ -c   conftest.cpp >&5
configure:11497: $? = 0
configure:11506: result: yes
configure:11515: checking whether g++ accepts -g
configure:11535: g++ -c -g  conftest.cpp >&5
configure:11535: $? = 0
configure:11576: result: yes
configure:11601: checking dependency style of g++
configure:11711: result: gcc3
configure:11839: checking for C++ compiler version
configure:11848: g++ --version >&5
g++ (Ubuntu 4.8.2-19ubuntu1) 4.8.2
Copyright (C) 2013 Free Software Foundation, Inc.
This is free software; see the source for copying conditions.  There is NO
warranty; not even for MERCHANTABILITY or FITNESS FOR A PARTICULAR PURPOSE.

configure:11859: $? = 0
configure:11848: g++ -v >&5
Using built-in specs.
COLLECT_GCC=g++
COLLECT_LTO_WRAPPER=/usr/lib/gcc/x86_64-linux-gnu/4.8/lto-wrapper
Target: x86_64-linux-gnu
Configured with: ../src/configure -v --with-pkgversion='Ubuntu 4.8.2-19ubuntu1' --with-bugurl=file:///usr/share/doc/gcc-4.8/README.Bugs --enable-languages=c,c++,java,go,d,fortran,objc,obj-c++ --prefix=/usr --program-suffix=-4.8 --enable-shared --enable-linker-build-id --libexecdir=/usr/lib --without-included-gettext --enable-threads=posix --with-gxx-include-dir=/usr/include/c++/4.8 --libdir=/usr/lib --enable-nls --with-sysroot=/ --enable-clocale=gnu --enable-libstdcxx-debug --enable-libstdcxx-time=yes --enable-gnu-unique-object --disable-libmudflap --enable-plugin --with-system-zlib --disable-browser-plugin --enable-java-awt=gtk --enable-gtk-cairo --with-java-home=/usr/lib/jvm/java-1.5.0-gcj-4.8-amd64/jre --enable-java-home --with-jvm-root-dir=/usr/lib/jvm/java-1.5.0-gcj-4.8-amd64 --with-jvm-jar-dir=/usr/lib/jvm-exports/java-1.5.0-gcj-4.8-amd64 --with-arch-directory=amd64 --with-ecj-jar=/usr/share/java/eclipse-ecj.jar --enable-objc-gc --enable-multiarch --disable-werror --with-arch-32=i686 --with-abi=m64 --with-multilib-list=m32,m64,mx32 --with-tune=generic --enable-checking=release --build=x86_64-linux-gnu --host=x86_64-linux-gnu --target=x86_64-linux-gnu
Thread model: posix
gcc version 4.8.2 (Ubuntu 4.8.2-19ubuntu1) 
configure:11859: $? = 0
configure:11848: g++ -V >&5
g++: error: unrecognized command line option '-V'
g++: fatal error: no input files
compilation terminated.
configure:11859: $? = 4
configure:11848: g++ -qversion >&5
g++: error: unrecognized command line option '-qversion'
g++: fatal error: no input files
compilation terminated.
configure:11859: $? = 4
configure:11863: checking whether we are using the GNU C++ compiler
configure:11891: result: yes
configure:11900: checking whether g++ accepts -g
configure:11961: result: yes
configure:11986: checking dependency style of g++
configure:12096: result: gcc3
configure:12119: checking how to run the C++ preprocessor
configure:12146: g++ -E  conftest.cpp
configure:12146: $? = 0
configure:12160: g++ -E  conftest.cpp
conftest.cpp:23:28: fatal error: ac_nonexistent.h: No such file or directory
 #include <ac_nonexistent.h>
                            ^
compilation terminated.
configure:12160: $? = 1
configure: failed program was:
| /* confdefs.h */
| #define PACKAGE_NAME ""
| #define PACKAGE_TARNAME ""
| #define PACKAGE_VERSION ""
| #define PACKAGE_STRING ""
| #define PACKAGE_BUGREPORT ""
| #define PACKAGE_URL ""
| #define PACKAGE "eviacam"
| #define VERSION "1.7.0"
| #define STDC_HEADERS 1
| #define HAVE_SYS_TYPES_H 1
| #define HAVE_SYS_STAT_H 1
| #define HAVE_STDLIB_H 1
| #define HAVE_STRING_H 1
| #define HAVE_MEMORY_H 1
| #define HAVE_STRINGS_H 1
| #define HAVE_INTTYPES_H 1
| #define HAVE_STDINT_H 1
| #define HAVE_UNISTD_H 1
| #define HAVE_DLFCN_H 1
| #define LT_OBJDIR ".libs/"
| /* end confdefs.h.  */
| #include <ac_nonexistent.h>
configure:12185: result: g++ -E
configure:12205: g++ -E  conftest.cpp
configure:12205: $? = 0
configure:12219: g++ -E  conftest.cpp
conftest.cpp:23:28: fatal error: ac_nonexistent.h: No such file or directory
 #include <ac_nonexistent.h>
                            ^
compilation terminated.
configure:12219: $? = 1
configure: failed program was:
| /* confdefs.h */
| #define PACKAGE_NAME ""
| #define PACKAGE_TARNAME ""
| #define PACKAGE_VERSION ""
| #define PACKAGE_STRING ""
| #define PACKAGE_BUGREPORT ""
| #define PACKAGE_URL ""
| #define PACKAGE "eviacam"
| #define VERSION "1.7.0"
| #define STDC_HEADERS 1
| #define HAVE_SYS_TYPES_H 1
| #define HAVE_SYS_STAT_H 1
| #define HAVE_STDLIB_H 1
| #define HAVE_STRING_H 1
| #define HAVE_MEMORY_H 1
| #define HAVE_STRINGS_H 1
| #define HAVE_INTTYPES_H 1
| #define HAVE_STDINT_H 1
| #define HAVE_UNISTD_H 1
| #define HAVE_DLFCN_H 1
| #define LT_OBJDIR ".libs/"
| /* end confdefs.h.  */
| #include <ac_nonexistent.h>
configure:12387: checking for ld used by g++
configure:12454: result: /usr/bin/ld -m elf_x86_64
configure:12461: checking if the linker (/usr/bin/ld -m elf_x86_64) is GNU ld
configure:12476: result: yes
configure:12531: checking whether the g++ linker (/usr/bin/ld -m elf_x86_64) supports shared libraries
configure:13444: result: yes
configure:13472: g++ -c -g -O2  conftest.cpp >&5
configure:13475: $? = 0
configure:13657: checking for g++ option to produce PIC
configure:13974: result: -fPIC -DPIC
configure:13983: checking if g++ PIC flag -fPIC -DPIC works
configure:14001: g++ -c -g -O2  -fPIC -DPIC -DPIC conftest.cpp >&5
configure:14005: $? = 0
configure:14018: result: yes
configure:14039: checking if g++ static flag -static works
configure:14067: result: yes
configure:14079: checking if g++ supports -c -o file.o
configure:14100: g++ -c -g -O2  -o out/conftest2.o conftest.cpp >&5
configure:14104: $? = 0
configure:14126: result: yes
configure:14131: checking if g++ supports -c -o file.o
configure:14178: result: yes
configure:14208: checking whether the g++ linker (/usr/bin/ld -m elf_x86_64) supports shared libraries
configure:14237: result: yes
configure:14374: checking dynamic linker characteristics
configure:14755: g++ -o conftest -g -O2   -Wl,-rpath -Wl,/foo conftest.cpp  >&5
configure:14755: $? = 0
configure:14985: result: GNU/Linux ld.so
configure:15036: checking how to hardcode library paths into programs
configure:15061: result: immediate
configure:15105: checking how to run the C preprocessor
configure:15175: result: gcc -E
configure:15195: gcc -E  conftest.c
configure:15195: $? = 0
configure:15209: gcc -E  conftest.c
conftest.c:23:28: fatal error: ac_nonexistent.h: No such file or directory
 #include <ac_nonexistent.h>
                            ^
compilation terminated.
configure:15209: $? = 1
configure: failed program was:
| /* confdefs.h */
| #define PACKAGE_NAME ""
| #define PACKAGE_TARNAME ""
| #define PACKAGE_VERSION ""
| #define PACKAGE_STRING ""
| #define PACKAGE_BUGREPORT ""
| #define PACKAGE_URL ""
| #define PACKAGE "eviacam"
| #define VERSION "1.7.0"
| #define STDC_HEADERS 1
| #define HAVE_SYS_TYPES_H 1
| #define HAVE_SYS_STAT_H 1
| #define HAVE_STDLIB_H 1
| #define HAVE_STRING_H 1
| #define HAVE_MEMORY_H 1
| #define HAVE_STRINGS_H 1
| #define HAVE_INTTYPES_H 1
| #define HAVE_STDINT_H 1
| #define HAVE_UNISTD_H 1
| #define HAVE_DLFCN_H 1
| #define LT_OBJDIR ".libs/"
| /* end confdefs.h.  */
| #include <ac_nonexistent.h>
configure:15241: checking for gawk
configure:15268: result: mawk
configure:15280: checking whether ln -s works
configure:15284: result: yes
configure:15291: checking whether make sets $(MAKE)
configure:15313: result: yes
configure:15327: checking whether NLS is requested
configure:15336: result: yes
configure:15374: checking for msgfmt
configure: trying /usr/bin/msgfmt...
0 translated messages.
configure:15406: result: /usr/bin/msgfmt
configure:15415: checking for gmsgfmt
configure:15446: result: /usr/bin/msgfmt
configure:15497: checking for xgettext
configure: trying /usr/bin/xgettext...
/usr/bin/xgettext: warning: file '/dev/null' extension '' is unknown; will try C
configure:15529: result: /usr/bin/xgettext
configure:15575: checking for msgmerge
configure: trying /usr/bin/msgmerge...
configure:15606: result: /usr/bin/msgmerge
configure:15660: checking for ld used by GCC
configure:15724: result: /usr/bin/ld -m elf_x86_64
configure:15731: checking if the linker (/usr/bin/ld -m elf_x86_64) is GNU ld
configure:15744: result: yes
configure:15751: checking for shared library run path origin
configure:15764: result: done
configure:16221: checking for CFPreferencesCopyAppValue
configure:16239: gcc -o conftest -g -O2   conftest.c  -Wl,-framework -Wl,CoreFoundation >&5
conftest.c:23:42: fatal error: CoreFoundation/CFPreferences.h: No such file or directory
 #include <CoreFoundation/CFPreferences.h>
                                          ^
compilation terminated.
configure:16239: $? = 1
configure: failed program was:
| /* confdefs.h */
| #define PACKAGE_NAME ""
| #define PACKAGE_TARNAME ""
| #define PACKAGE_VERSION ""
| #define PACKAGE_STRING ""
| #define PACKAGE_BUGREPORT ""
| #define PACKAGE_URL ""
| #define PACKAGE "eviacam"
| #define VERSION "1.7.0"
| #define STDC_HEADERS 1
| #define HAVE_SYS_TYPES_H 1
| #define HAVE_SYS_STAT_H 1
| #define HAVE_STDLIB_H 1
| #define HAVE_STRING_H 1
| #define HAVE_MEMORY_H 1
| #define HAVE_STRINGS_H 1
| #define HAVE_INTTYPES_H 1
| #define HAVE_STDINT_H 1
| #define HAVE_UNISTD_H 1
| #define HAVE_DLFCN_H 1
| #define LT_OBJDIR ".libs/"
| /* end confdefs.h.  */
| #include <CoreFoundation/CFPreferences.h>
| int
| main ()
| {
| CFPreferencesCopyAppValue(NULL, NULL)
|   ;
|   return 0;
| }
configure:16248: result: no
configure:16255: checking for CFLocaleCopyCurrent
configure:16273: gcc -o conftest -g -O2   conftest.c  -Wl,-framework -Wl,CoreFoundation >&5
conftest.c:23:37: fatal error: CoreFoundation/CFLocale.h: No such file or directory
 #include <CoreFoundation/CFLocale.h>
                                     ^
compilation terminated.
configure:16273: $? = 1
configure: failed program was:
| /* confdefs.h */
| #define PACKAGE_NAME ""
| #define PACKAGE_TARNAME ""
| #define PACKAGE_VERSION ""
| #define PACKAGE_STRING ""
| #define PACKAGE_BUGREPORT ""
| #define PACKAGE_URL ""
| #define PACKAGE "eviacam"
| #define VERSION "1.7.0"
| #define STDC_HEADERS 1
| #define HAVE_SYS_TYPES_H 1
| #define HAVE_SYS_STAT_H 1
| #define HAVE_STDLIB_H 1
| #define HAVE_STRING_H 1
| #define HAVE_MEMORY_H 1
| #define HAVE_STRINGS_H 1
| #define HAVE_INTTYPES_H 1
| #define HAVE_STDINT_H 1
| #define HAVE_UNISTD_H 1
| #define HAVE_DLFCN_H 1
| #define LT_OBJDIR ".libs/"
| /* end confdefs.h.  */
| #include <CoreFoundation/CFLocale.h>
| int
| main ()
| {
| CFLocaleCopyCurrent();
|   ;
|   return 0;
| }
configure:16282: result: no
configure:16331: checking for GNU gettext in libc
configure:16351: gcc -o conftest -g -O2   conftest.c  >&5
configure:16351: $? = 0
configure:16360: result: yes
configure:16966: checking whether to use NLS
configure:16968: result: yes
configure:16971: checking where the gettext function comes from
configure:16982: result: libc
configure:17066: checking for main in -lX11
configure:17085: gcc -o conftest -g -O2   conftest.c -lX11   >&5
configure:17085: $? = 0
configure:17094: result: yes
configure:17105: checking for main in -lXext
configure:17124: gcc -o conftest -g -O2   conftest.c -lXext  -lX11  >&5
configure:17124: $? = 0
configure:17133: result: yes
configure:17146: checking for main in -lXtst
configure:17165: gcc -o conftest -g -O2   conftest.c -lXtst  -lXext -lX11  >&5
configure:17165: $? = 0
configure:17174: result: yes
configure:17190: checking for pow
configure:17190: gcc -o conftest -g -O2   conftest.c -lXtst -lXext -lX11  >&5
conftest.c:52:6: warning: conflicting types for built-in function 'pow' [enabled by default]
 char pow ();
      ^
/tmp/ccvUlubO.o: In function `main':
/home/raman/RandD/opengazer/eviacam-1.7.0/conftest.c:63: undefined reference to `pow'
collect2: error: ld returned 1 exit status
configure:17190: $? = 1
configure: failed program was:
| /* confdefs.h */
| #define PACKAGE_NAME ""
| #define PACKAGE_TARNAME ""
| #define PACKAGE_VERSION ""
| #define PACKAGE_STRING ""
| #define PACKAGE_BUGREPORT ""
| #define PACKAGE_URL ""
| #define PACKAGE "eviacam"
| #define VERSION "1.7.0"
| #define STDC_HEADERS 1
| #define HAVE_SYS_TYPES_H 1
| #define HAVE_SYS_STAT_H 1
| #define HAVE_STDLIB_H 1
| #define HAVE_STRING_H 1
| #define HAVE_MEMORY_H 1
| #define HAVE_STRINGS_H 1
| #define HAVE_INTTYPES_H 1
| #define HAVE_STDINT_H 1
| #define HAVE_UNISTD_H 1
| #define HAVE_DLFCN_H 1
| #define LT_OBJDIR ".libs/"
| #define ENABLE_NLS 1
| #define HAVE_GETTEXT 1
| #define HAVE_DCGETTEXT 1
| #define HAVE_LIBX11 1
| #define HAVE_LIBXEXT 1
| #define HAVE_LIBXTST 1
| /* end confdefs.h.  */
| /* Define pow to an innocuous variant, in case <limits.h> declares pow.
|    For example, HP-UX 11i <limits.h> declares gettimeofday.  */
| #define pow innocuous_pow
| 
| /* System header to define __stub macros and hopefully few prototypes,
|     which can conflict with char pow (); below.
|     Prefer <limits.h> to <assert.h> if __STDC__ is defined, since
|     <limits.h> exists even on freestanding compilers.  */
| 
| #ifdef __STDC__
| # include <limits.h>
| #else
| # include <assert.h>
| #endif
| 
| #undef pow
| 
| /* Override any GCC internal prototype to avoid an error.
|    Use char because int might match the return type of a GCC
|    builtin and then its argument prototype would still apply.  */
| #ifdef __cplusplus
| extern "C"
| #endif
| char pow ();
| /* The GNU C library defines this for functions which it implements
|     to always fail with ENOSYS.  Some functions are actually named
|     something starting with __ and the normal name is an alias.  */
| #if defined __stub_pow || defined __stub___pow
| choke me
| #endif
| 
| int
| main ()
| {
| return pow ();
|   ;
|   return 0;
| }
configure:17190: result: no
configure:17201: checking for sqrt
configure:17201: gcc -o conftest -g -O2   conftest.c -lXtst -lXext -lX11  >&5
conftest.c:52:6: warning: conflicting types for built-in function 'sqrt' [enabled by default]
 char sqrt ();
      ^
/tmp/ccxG9V5R.o: In function `main':
/home/raman/RandD/opengazer/eviacam-1.7.0/conftest.c:63: undefined reference to `sqrt'
collect2: error: ld returned 1 exit status
configure:17201: $? = 1
configure: failed program was:
| /* confdefs.h */
| #define PACKAGE_NAME ""
| #define PACKAGE_TARNAME ""
| #define PACKAGE_VERSION ""
| #define PACKAGE_STRING ""
| #define PACKAGE_BUGREPORT ""
| #define PACKAGE_URL ""
| #define PACKAGE "eviacam"
| #define VERSION "1.7.0"
| #define STDC_HEADERS 1
| #define HAVE_SYS_TYPES_H 1
| #define HAVE_SYS_STAT_H 1
| #define HAVE_STDLIB_H 1
| #define HAVE_STRING_H 1
| #define HAVE_MEMORY_H 1
| #define HAVE_STRINGS_H 1
| #define HAVE_INTTYPES_H 1
| #define HAVE_STDINT_H 1
| #define HAVE_UNISTD_H 1
| #define HAVE_DLFCN_H 1
| #define LT_OBJDIR ".libs/"
| #define ENABLE_NLS 1
| #define HAVE_GETTEXT 1
| #define HAVE_DCGETTEXT 1
| #define HAVE_LIBX11 1
| #define HAVE_LIBXEXT 1
| #define HAVE_LIBXTST 1
| /* end confdefs.h.  */
| /* Define sqrt to an innocuous variant, in case <limits.h> declares sqrt.
|    For example, HP-UX 11i <limits.h> declares gettimeofday.  */
| #define sqrt innocuous_sqrt
| 
| /* System header to define __stub macros and hopefully few prototypes,
|     which can conflict with char sqrt (); below.
|     Prefer <limits.h> to <assert.h> if __STDC__ is defined, since
|     <limits.h> exists even on freestanding compilers.  */
| 
| #ifdef __STDC__
| # include <limits.h>
| #else
| # include <assert.h>
| #endif
| 
| #undef sqrt
| 
| /* Override any GCC internal prototype to avoid an error.
|    Use char because int might match the return type of a GCC
|    builtin and then its argument prototype would still apply.  */
| #ifdef __cplusplus
| extern "C"
| #endif
| char sqrt ();
| /* The GNU C library defines this for functions which it implements
|     to always fail with ENOSYS.  Some functions are actually named
|     something starting with __ and the normal name is an alias.  */
| #if defined __stub_sqrt || defined __stub___sqrt
| choke me
| #endif
| 
| int
| main ()
| {
| return sqrt ();
|   ;
|   return 0;
| }
configure:17201: result: no
configure:17220: checking for X
configure:17328: gcc -E  conftest.c
configure:17328: $? = 0
configure:17359: gcc -o conftest -g -O2   conftest.c -lX11 -lXtst -lXext -lX11  >&5
configure:17359: $? = 0
configure:17409: result: libraries , headers 
configure:17508: gcc -o conftest -g -O2   conftest.c -lXtst -lXext -lX11   -lX11 >&5
configure:17508: $? = 0
configure:17606: checking for gethostbyname
configure:17606: gcc -o conftest -g -O2   conftest.c -lXtst -lXext -lX11  >&5
configure:17606: $? = 0
configure:17606: result: yes
configure:17703: checking for connect
configure:17703: gcc -o conftest -g -O2   conftest.c -lXtst -lXext -lX11  >&5
configure:17703: $? = 0
configure:17703: result: yes
configure:17752: checking for remove
configure:17752: gcc -o conftest -g -O2   conftest.c -lXtst -lXext -lX11  >&5
configure:17752: $? = 0
configure:17752: result: yes
configure:17801: checking for shmat
configure:17801: gcc -o conftest -g -O2   conftest.c -lXtst -lXext -lX11  >&5
configure:17801: $? = 0
configure:17801: result: yes
configure:17859: checking for IceConnectionNumber in -lICE
configure:17884: gcc -o conftest -g -O2   conftest.c -lICE  -lXtst -lXext -lX11  >&5
configure:17884: $? = 0
configure:17893: result: yes
configure:17910: checking gdk version
configure:17913: result: 2.24.23
configure:17946: checking wxWidgets version
configure:17949: result: 2.8.12
configure:17985: checking opencv version
configure:17988: result: 2.4.8
configure:18001: checking for X
configure:18190: result: libraries , headers 
configure:18196: checking float.h usability
configure:18196: gcc -c -g -O2  conftest.c >&5
configure:18196: $? = 0
configure:18196: result: yes
configure:18196: checking float.h presence
configure:18196: gcc -E  conftest.c
configure:18196: $? = 0
configure:18196: result: yes
configure:18196: checking for float.h
configure:18196: result: yes
configure:18208: checking sys/timeb.h usability
configure:18208: gcc -c -g -O2  conftest.c >&5
configure:18208: $? = 0
configure:18208: result: yes
configure:18208: checking sys/timeb.h presence
configure:18208: gcc -E  conftest.c
configure:18208: $? = 0
configure:18208: result: yes
configure:18208: checking for sys/timeb.h
configure:18208: result: yes
configure:18219: checking linux/videodev.h usability
configure:18219: gcc -c -g -O2  conftest.c >&5
conftest.c:64:28: fatal error: linux/videodev.h: No such file or directory
 #include <linux/videodev.h>
                            ^
compilation terminated.
configure:18219: $? = 1
configure: failed program was:
| /* confdefs.h */
| #define PACKAGE_NAME ""
| #define PACKAGE_TARNAME ""
| #define PACKAGE_VERSION ""
| #define PACKAGE_STRING ""
| #define PACKAGE_BUGREPORT ""
| #define PACKAGE_URL ""
| #define PACKAGE "eviacam"
| #define VERSION "1.7.0"
| #define STDC_HEADERS 1
| #define HAVE_SYS_TYPES_H 1
| #define HAVE_SYS_STAT_H 1
| #define HAVE_STDLIB_H 1
| #define HAVE_STRING_H 1
| #define HAVE_MEMORY_H 1
| #define HAVE_STRINGS_H 1
| #define HAVE_INTTYPES_H 1
| #define HAVE_STDINT_H 1
| #define HAVE_UNISTD_H 1
| #define HAVE_DLFCN_H 1
| #define LT_OBJDIR ".libs/"
| #define ENABLE_NLS 1
| #define HAVE_GETTEXT 1
| #define HAVE_DCGETTEXT 1
| #define HAVE_LIBX11 1
| #define HAVE_LIBXEXT 1
| #define HAVE_LIBXTST 1
| #define HAVE_FLOAT_H 1
| #define HAVE_SYS_TIMEB_H 1
| /* end confdefs.h.  */
| #include <stdio.h>
| #ifdef HAVE_SYS_TYPES_H
| # include <sys/types.h>
| #endif
| #ifdef HAVE_SYS_STAT_H
| # include <sys/stat.h>
| #endif
| #ifdef STDC_HEADERS
| # include <stdlib.h>
| # include <stddef.h>
| #else
| # ifdef HAVE_STDLIB_H
| #  include <stdlib.h>
| # endif
| #endif
| #ifdef HAVE_STRING_H
| # if !defined STDC_HEADERS && defined HAVE_MEMORY_H
| #  include <memory.h>
| # endif
| # include <string.h>
| #endif
| #ifdef HAVE_STRINGS_H
| # include <strings.h>
| #endif
| #ifdef HAVE_INTTYPES_H
| # include <inttypes.h>
| #endif
| #ifdef HAVE_STDINT_H
| # include <stdint.h>
| #endif
| #ifdef HAVE_UNISTD_H
| # include <unistd.h>
| #endif
| #include <linux/videodev.h>
configure:18219: result: no
configure:18219: checking linux/videodev.h presence
configure:18219: gcc -E  conftest.c
conftest.c:31:28: fatal error: linux/videodev.h: No such file or directory
 #include <linux/videodev.h>
                            ^
compilation terminated.
configure:18219: $? = 1
configure: failed program was:
| /* confdefs.h */
| #define PACKAGE_NAME ""
| #define PACKAGE_TARNAME ""
| #define PACKAGE_VERSION ""
| #define PACKAGE_STRING ""
| #define PACKAGE_BUGREPORT ""
| #define PACKAGE_URL ""
| #define PACKAGE "eviacam"
| #define VERSION "1.7.0"
| #define STDC_HEADERS 1
| #define HAVE_SYS_TYPES_H 1
| #define HAVE_SYS_STAT_H 1
| #define HAVE_STDLIB_H 1
| #define HAVE_STRING_H 1
| #define HAVE_MEMORY_H 1
| #define HAVE_STRINGS_H 1
| #define HAVE_INTTYPES_H 1
| #define HAVE_STDINT_H 1
| #define HAVE_UNISTD_H 1
| #define HAVE_DLFCN_H 1
| #define LT_OBJDIR ".libs/"
| #define ENABLE_NLS 1
| #define HAVE_GETTEXT 1
| #define HAVE_DCGETTEXT 1
| #define HAVE_LIBX11 1
| #define HAVE_LIBXEXT 1
| #define HAVE_LIBXTST 1
| #define HAVE_FLOAT_H 1
| #define HAVE_SYS_TIMEB_H 1
| /* end confdefs.h.  */
| #include <linux/videodev.h>
configure:18219: result: no
configure:18219: checking for linux/videodev.h
configure:18219: result: no
configure:18224: checking libv4l1-videodev.h usability
configure:18224: gcc -c -g -O2  conftest.c >&5
configure:18224: $? = 0
configure:18224: result: yes
configure:18224: checking libv4l1-videodev.h presence
configure:18224: gcc -E  conftest.c
configure:18224: $? = 0
configure:18224: result: yes
configure:18224: checking for libv4l1-videodev.h
configure:18224: result: yes
configure:18240: checking for stdbool.h that conforms to C99
configure:18325: gcc -c -g -O2  conftest.c >&5
configure:18325: $? = 0
configure:18332: result: yes
configure:18334: checking for _Bool
configure:18334: gcc -c -g -O2  conftest.c >&5
configure:18334: $? = 0
configure:18334: gcc -c -g -O2  conftest.c >&5
conftest.c: In function 'main':
conftest.c:67:20: error: expected expression before ')' token
 if (sizeof ((_Bool)))
                    ^
configure:18334: $? = 1
configure: failed program was:
| /* confdefs.h */
| #define PACKAGE_NAME ""
| #define PACKAGE_TARNAME ""
| #define PACKAGE_VERSION ""
| #define PACKAGE_STRING ""
| #define PACKAGE_BUGREPORT ""
| #define PACKAGE_URL ""
| #define PACKAGE "eviacam"
| #define VERSION "1.7.0"
| #define STDC_HEADERS 1
| #define HAVE_SYS_TYPES_H 1
| #define HAVE_SYS_STAT_H 1
| #define HAVE_STDLIB_H 1
| #define HAVE_STRING_H 1
| #define HAVE_MEMORY_H 1
| #define HAVE_STRINGS_H 1
| #define HAVE_INTTYPES_H 1
| #define HAVE_STDINT_H 1
| #define HAVE_UNISTD_H 1
| #define HAVE_DLFCN_H 1
| #define LT_OBJDIR ".libs/"
| #define ENABLE_NLS 1
| #define HAVE_GETTEXT 1
| #define HAVE_DCGETTEXT 1
| #define HAVE_LIBX11 1
| #define HAVE_LIBXEXT 1
| #define HAVE_LIBXTST 1
| #define HAVE_FLOAT_H 1
| #define HAVE_SYS_TIMEB_H 1
| /* end confdefs.h.  */
| #include <stdio.h>
| #ifdef HAVE_SYS_TYPES_H
| # include <sys/types.h>
| #endif
| #ifdef HAVE_SYS_STAT_H
| # include <sys/stat.h>
| #endif
| #ifdef STDC_HEADERS
| # include <stdlib.h>
| # include <stddef.h>
| #else
| # ifdef HAVE_STDLIB_H
| #  include <stdlib.h>
| # endif
| #endif
| #ifdef HAVE_STRING_H
| # if !defined STDC_HEADERS && defined HAVE_MEMORY_H
| #  include <memory.h>
| # endif
| # include <string.h>
| #endif
| #ifdef HAVE_STRINGS_H
| # include <strings.h>
| #endif
| #ifdef HAVE_INTTYPES_H
| # include <inttypes.h>
| #endif
| #ifdef HAVE_STDINT_H
| # include <stdint.h>
| #endif
| #ifdef HAVE_UNISTD_H
| # include <unistd.h>
| #endif
| int
| main ()
| {
| if (sizeof ((_Bool)))
| 	    return 0;
|   ;
|   return 0;
| }
configure:18334: result: yes
configure:18350: checking for an ANSI C-conforming const
configure:18415: gcc -c -g -O2  conftest.c >&5
configure:18415: $? = 0
configure:18422: result: yes
configure:18430: checking for inline
configure:18446: gcc -c -g -O2  conftest.c >&5
configure:18446: $? = 0
configure:18454: result: inline
configure:18646: creating ./config.status

## ---------------------- ##
## Running config.status. ##
## ---------------------- ##

This file was extended by config.status, which was
generated by GNU Autoconf 2.67.  Invocation command line was

  CONFIG_FILES    = 
  CONFIG_HEADERS  = 
  CONFIG_LINKS    = 
  CONFIG_COMMANDS = 
  $ ./config.status 

on Neevite

config.status:1207: creating Makefile
config.status:1207: creating po/Makefile.in
config.status:1207: creating doc/Makefile
config.status:1207: creating wxutil/Makefile
config.status:1207: creating creavision/Makefile
config.status:1207: creating creavision/libwebcam/Makefile
config.status:1207: creating simplelog/Makefile
config.status:1207: creating wxcamwindow/Makefile
config.status:1207: creating src/Makefile
config.status:1207: creating src/version.h
config.status:1207: creating src/eviacamloader.c
config.status:1207: creating rpm/Makefile
config.status:1207: creating rpm/eviacam.spec
config.status:1207: creating win32/installer.iss
config.status:1207: creating creavision/libwebcam/incvideodev.h
config.status:1207: creating config.h
config.status:1387: config.h is unchanged
config.status:1435: executing depfiles commands
config.status:1435: executing libtool commands
config.status:1435: executing po-directories commands

## ---------------- ##
## Cache variables. ##
## ---------------- ##

ac_cv_build=x86_64-unknown-linux-gnu
ac_cv_c_compiler_gnu=yes
ac_cv_c_const=yes
ac_cv_c_inline=inline
ac_cv_cxx_compiler_gnu=yes
ac_cv_env_CCC_set=
ac_cv_env_CCC_value=
ac_cv_env_CC_set=
ac_cv_env_CC_value=
ac_cv_env_CFLAGS_set=
ac_cv_env_CFLAGS_value=
ac_cv_env_CPPFLAGS_set=
ac_cv_env_CPPFLAGS_value=
ac_cv_env_CPP_set=
ac_cv_env_CPP_value=
ac_cv_env_CXXCPP_set=
ac_cv_env_CXXCPP_value=
ac_cv_env_CXXFLAGS_set=
ac_cv_env_CXXFLAGS_value=
ac_cv_env_CXX_set=
ac_cv_env_CXX_value=
ac_cv_env_LDFLAGS_set=
ac_cv_env_LDFLAGS_value=
ac_cv_env_LIBS_set=
ac_cv_env_LIBS_value=
ac_cv_env_XMKMF_set=
ac_cv_env_XMKMF_value=
ac_cv_env_build_alias_set=
ac_cv_env_build_alias_value=
ac_cv_env_host_alias_set=
ac_cv_env_host_alias_value=
ac_cv_env_target_alias_set=
ac_cv_env_target_alias_value=
ac_cv_func_connect=yes
ac_cv_func_gethostbyname=yes
ac_cv_func_pow=no
ac_cv_func_remove=yes
ac_cv_func_shmat=yes
ac_cv_func_sqrt=no
ac_cv_have_x='have_x=yes	ac_x_includes='\'''\''	ac_x_libraries='\'''\'''
ac_cv_header_dlfcn_h=yes
ac_cv_header_float_h=yes
ac_cv_header_inttypes_h=yes
ac_cv_header_libv4l1_videodev_h=yes
ac_cv_header_linux_videodev_h=no
ac_cv_header_memory_h=yes
ac_cv_header_stdbool_h=yes
ac_cv_header_stdc=yes
ac_cv_header_stdint_h=yes
ac_cv_header_stdlib_h=yes
ac_cv_header_string_h=yes
ac_cv_header_strings_h=yes
ac_cv_header_sys_stat_h=yes
ac_cv_header_sys_timeb_h=yes
ac_cv_header_sys_types_h=yes
ac_cv_header_unistd_h=yes
ac_cv_host=x86_64-unknown-linux-gnu
ac_cv_lib_ICE_IceConnectionNumber=yes
ac_cv_lib_X11_main=yes
ac_cv_lib_Xext_main=yes
ac_cv_lib_Xtst_main=yes
ac_cv_objext=o
ac_cv_path_EGREP='/bin/grep -E'
ac_cv_path_FGREP='/bin/grep -F'
ac_cv_path_GMSGFMT=/usr/bin/msgfmt
ac_cv_path_GREP=/bin/grep
ac_cv_path_MSGFMT=/usr/bin/msgfmt
ac_cv_path_MSGMERGE=/usr/bin/msgmerge
ac_cv_path_SED=/bin/sed
ac_cv_path_XGETTEXT=/usr/bin/xgettext
ac_cv_path_install='/usr/bin/install -c'
ac_cv_path_mkdir=/bin/mkdir
ac_cv_prog_AWK=mawk
ac_cv_prog_CPP='gcc -E'
ac_cv_prog_CXXCPP='g++ -E'
ac_cv_prog_ac_ct_AR=ar
ac_cv_prog_ac_ct_CC=gcc
ac_cv_prog_ac_ct_CXX=g++
ac_cv_prog_ac_ct_OBJDUMP=objdump
ac_cv_prog_ac_ct_RANLIB=ranlib
ac_cv_prog_ac_ct_STRIP=strip
ac_cv_prog_cc_c89=
ac_cv_prog_cc_g=yes
ac_cv_prog_cxx_g=yes
ac_cv_prog_make_make_set=yes
ac_cv_type__Bool=yes
acl_cv_hardcode_direct=no
acl_cv_hardcode_libdir_flag_spec='${wl}-rpath ${wl}$libdir'
acl_cv_hardcode_libdir_separator=
acl_cv_hardcode_minus_L=no
acl_cv_libext=a
acl_cv_path_LD='/usr/bin/ld -m elf_x86_64'
acl_cv_prog_gnu_ld=yes
acl_cv_rpath=done
acl_cv_shlibext=so
acl_cv_wl=-Wl,
am_cv_CC_dependencies_compiler_type=gcc3
am_cv_CXX_dependencies_compiler_type=gcc3
gt_cv_func_CFLocaleCopyCurrent=no
gt_cv_func_CFPreferencesCopyAppValue=no
gt_cv_func_gnugettext1_libc=yes
lt_cv_deplibs_check_method=pass_all
lt_cv_file_magic_cmd='$MAGIC_CMD'
lt_cv_file_magic_test_file=
lt_cv_ld_reload_flag=-r
lt_cv_nm_interface='BSD nm'
lt_cv_objdir=.libs
lt_cv_path_LD=/usr/bin/ld
lt_cv_path_LDCXX='/usr/bin/ld -m elf_x86_64'
lt_cv_path_NM='/usr/bin/nm -B'
lt_cv_prog_compiler_c_o=yes
lt_cv_prog_compiler_c_o_CXX=yes
lt_cv_prog_compiler_pic_works=yes
lt_cv_prog_compiler_pic_works_CXX=yes
lt_cv_prog_compiler_rtti_exceptions=no
lt_cv_prog_compiler_static_works=yes
lt_cv_prog_compiler_static_works_CXX=yes
lt_cv_prog_gnu_ld=yes
lt_cv_prog_gnu_ldcxx=yes
lt_cv_sys_global_symbol_pipe='sed -n -e '\''s/^.*[	 ]\([ABCDGIRSTW][ABCDGIRSTW]*\)[	 ][	 ]*\([_A-Za-z][_A-Za-z0-9]*\)$/\1 \2 \2/p'\'''
lt_cv_sys_global_symbol_to_c_name_address='sed -n -e '\''s/^: \([^ ]*\) $/  {\"\1\", (void *) 0},/p'\'' -e '\''s/^[ABCDGIRSTW]* \([^ ]*\) \([^ ]*\)$/  {"\2", (void *) \&\2},/p'\'''
lt_cv_sys_global_symbol_to_c_name_address_lib_prefix='sed -n -e '\''s/^: \([^ ]*\) $/  {\"\1\", (void *) 0},/p'\'' -e '\''s/^[ABCDGIRSTW]* \([^ ]*\) \(lib[^ ]*\)$/  {"\2", (void *) \&\2},/p'\'' -e '\''s/^[ABCDGIRSTW]* \([^ ]*\) \([^ ]*\)$/  {"lib\2", (void *) \&\2},/p'\'''
lt_cv_sys_global_symbol_to_cdecl='sed -n -e '\''s/^T .* \(.*\)$/extern int \1();/p'\'' -e '\''s/^[ABCDGIRSTW]* .* \(.*\)$/extern char \1;/p'\'''
lt_cv_sys_max_cmd_len=1572864

## ----------------- ##
## Output variables. ##
## ----------------- ##

ACLOCAL='${SHELL} /home/raman/RandD/opengazer/eviacam-1.7.0/missing --run aclocal-1.11'
AMDEPBACKSLASH='\'
AMDEP_FALSE='#'
AMDEP_TRUE=''
AMTAR='${SHELL} /home/raman/RandD/opengazer/eviacam-1.7.0/missing --run tar'
AR='ar'
AUTOCONF='${SHELL} /home/raman/RandD/opengazer/eviacam-1.7.0/missing --run autoconf'
AUTOHEADER='${SHELL} /home/raman/RandD/opengazer/eviacam-1.7.0/missing --run autoheader'
AUTOMAKE='${SHELL} /home/raman/RandD/opengazer/eviacam-1.7.0/missing --run automake-1.11'
AWK='mawk'
CC='gcc'
CCDEPMODE='depmode=gcc3'
CFLAGS='-g -O2'
COPYRIGHT='© 2008-13'
CPP='gcc -E'
CPPFLAGS='-Wall -fexceptions -Wconversion -I/usr/lib/x86_64-linux-gnu/wx/include/gtk2-unicode-release-2.8 -I/usr/include/wx-2.8 -D_FILE_OFFSET_BITS=64 -D_LARGE_FILES -D__WXGTK__ -I/usr/include/opencv   -pthread -I/usr/include/gtk-2.0 -I/usr/lib/x86_64-linux-gnu/gtk-2.0/include -I/usr/include/atk-1.0 -I/usr/include/cairo -I/usr/include/gdk-pixbuf-2.0 -I/usr/include/pango-1.0 -I/usr/include/gio-unix-2.0/ -I/usr/include/freetype2 -I/usr/include/glib-2.0 -I/usr/lib/x86_64-linux-gnu/glib-2.0/include -I/usr/include/pixman-1 -I/usr/include/libpng12 -I/usr/include/harfbuzz   -DNDEBUG -O2'
CXX='g++'
CXXCPP='g++ -E'
CXXDEPMODE='depmode=gcc3'
CXXFLAGS='-Wall -fexceptions -Wconversion -I/usr/lib/x86_64-linux-gnu/wx/include/gtk2-unicode-release-2.8 -I/usr/include/wx-2.8 -D_FILE_OFFSET_BITS=64 -D_LARGE_FILES -D__WXGTK__ -I/usr/include/opencv   -pthread -I/usr/include/gtk-2.0 -I/usr/lib/x86_64-linux-gnu/gtk-2.0/include -I/usr/include/atk-1.0 -I/usr/include/cairo -I/usr/include/gdk-pixbuf-2.0 -I/usr/include/pango-1.0 -I/usr/include/gio-unix-2.0/ -I/usr/include/freetype2 -I/usr/include/glib-2.0 -I/usr/lib/x86_64-linux-gnu/glib-2.0/include -I/usr/include/pixman-1 -I/usr/include/libpng12 -I/usr/include/harfbuzz   -DNDEBUG -O2'
CYGPATH_W='echo'
DEBUG_FALSE=''
DEBUG_TRUE='#'
DEFS='-DHAVE_CONFIG_H'
DEPDIR='.deps'
DSYMUTIL=''
DUMPBIN=''
ECHO_C=''
ECHO_N='-n'
ECHO_T=''
EGREP='/bin/grep -E'
EXEEXT=''
FGREP='/bin/grep -F'
GMSGFMT='/usr/bin/msgfmt'
GMSGFMT_015='/usr/bin/msgfmt'
GREP='/bin/grep'
GTK_LIBS='-lgtk-x11-2.0 -lgdk-x11-2.0 -latk-1.0 -lgio-2.0 -lpangoft2-1.0 -lpangocairo-1.0 -lgdk_pixbuf-2.0 -lcairo -lpango-1.0 -lfontconfig -lgobject-2.0 -lglib-2.0 -lfreetype  '
INSTALL_DATA='${INSTALL} -m 644'
INSTALL_PROGRAM='${INSTALL}'
INSTALL_SCRIPT='${INSTALL}'
INSTALL_STRIP_PROGRAM='$(install_sh) -c -s'
INTLLIBS=''
INTL_MACOSX_LIBS=''
LD='/usr/bin/ld -m elf_x86_64'
LDFLAGS=' -Wl,--as-needed'
LIBICONV='-liconv'
LIBINTL=''
LIBOBJS=''
LIBS='-lXtst -lXext -lX11 '
LIBTOOL='$(SHELL) $(top_builddir)/libtool'
LIPO=''
LN_S='ln -s'
LTLIBICONV='-liconv'
LTLIBINTL=''
LTLIBOBJS=''
MAKEINFO='${SHELL} /home/raman/RandD/opengazer/eviacam-1.7.0/missing --run makeinfo'
MKDIR_P='/bin/mkdir -p'
MSGFMT='/usr/bin/msgfmt'
MSGFMT_015='/usr/bin/msgfmt'
MSGMERGE='/usr/bin/msgmerge'
NM='/usr/bin/nm -B'
NMEDIT=''
OBJDUMP='objdump'
OBJEXT='o'
OPENCVVERSION=' 2004008'
OPENCV_LIBS='/usr/lib/x86_64-linux-gnu/libopencv_calib3d.so /usr/lib/x86_64-linux-gnu/libopencv_contrib.so /usr/lib/x86_64-linux-gnu/libopencv_core.so /usr/lib/x86_64-linux-gnu/libopencv_features2d.so /usr/lib/x86_64-linux-gnu/libopencv_flann.so /usr/lib/x86_64-linux-gnu/libopencv_gpu.so /usr/lib/x86_64-linux-gnu/libopencv_highgui.so /usr/lib/x86_64-linux-gnu/libopencv_imgproc.so /usr/lib/x86_64-linux-gnu/libopencv_legacy.so /usr/lib/x86_64-linux-gnu/libopencv_ml.so /usr/lib/x86_64-linux-gnu/libopencv_objdetect.so /usr/lib/x86_64-linux-gnu/libopencv_ocl.so /usr/lib/x86_64-linux-gnu/libopencv_photo.so /usr/lib/x86_64-linux-gnu/libopencv_stitching.so /usr/lib/x86_64-linux-gnu/libopencv_superres.so /usr/lib/x86_64-linux-gnu/libopencv_ts.so /usr/lib/x86_64-linux-gnu/libopencv_video.so /usr/lib/x86_64-linux-gnu/libopencv_videostab.so -lopencv_calib3d -lopencv_contrib -lopencv_core -lopencv_features2d -lopencv_flann -lopencv_gpu -lopencv_highgui -lopencv_imgproc -lopencv_legacy -lopencv_ml -lopencv_objdetect -lopencv_ocl -lopencv_photo -lopencv_stitching -lopencv_superres -lopencv_ts -lopencv_video -lopencv_videostab  '
OTOOL64=''
OTOOL=''
PACKAGE='eviacam'
PACKAGE_BUGREPORT=''
PACKAGE_NAME=''
PACKAGE_STRING=''
PACKAGE_TARNAME=''
PACKAGE_URL=''
PACKAGE_VERSION=''
PATH_SEPARATOR=':'
POSUB='po'
PUBLISHER='César Mauri Loba'
RANLIB='ranlib'
SED='/bin/sed'
SET_MAKE=''
SHELL='/bin/bash'
STRIP='strip'
USE_NLS='yes'
VERSION='1.7.0'
VIDEODEV_INCLUDE_FILE='libv4l1-videodev.h'
WX_LIBS='-L/usr/lib/x86_64-linux-gnu -pthread -Wl,-Bsymbolic-functions -Wl,-z,relro  -L/usr/lib/x86_64-linux-gnu   -lwx_gtk2u_richtext-2.8 -lwx_gtk2u_aui-2.8 -lwx_gtk2u_xrc-2.8 -lwx_gtk2u_qa-2.8 -lwx_gtk2u_html-2.8 -lwx_gtk2u_adv-2.8 -lwx_gtk2u_core-2.8 -lwx_baseu_xml-2.8 -lwx_baseu_net-2.8 -lwx_baseu-2.8 '
XGETTEXT='/usr/bin/xgettext'
XGETTEXT_015='/usr/bin/xgettext'
XMKMF=''
X_CFLAGS=''
X_EXTRA_LIBS=''
X_LIBS=''
X_PRE_LIBS=' -lSM -lICE'
ac_ct_CC='gcc'
ac_ct_CXX='g++'
ac_ct_DUMPBIN=''
am__EXEEXT_FALSE=''
am__EXEEXT_TRUE='#'
am__fastdepCC_FALSE='#'
am__fastdepCC_TRUE=''
am__fastdepCXX_FALSE='#'
am__fastdepCXX_TRUE=''
am__include='include'
am__isrc=''
am__leading_dot='.'
am__quote=''
am__tar='${AMTAR} chof - "$$tardir"'
am__untar='${AMTAR} xf -'
bindir='${exec_prefix}/bin'
build='x86_64-unknown-linux-gnu'
build_alias=''
build_cpu='x86_64'
build_os='linux-gnu'
build_vendor='unknown'
datadir='${datarootdir}'
datarootdir='${prefix}/share'
docdir='${datarootdir}/doc/${PACKAGE}'
dvidir='${docdir}'
exec_prefix='${prefix}'
host='x86_64-unknown-linux-gnu'
host_alias=''
host_cpu='x86_64'
host_os='linux-gnu'
host_vendor='unknown'
htmldir='${docdir}'
includedir='${prefix}/include'
infodir='${datarootdir}/info'
install_sh='${SHELL} /home/raman/RandD/opengazer/eviacam-1.7.0/install-sh'
libdir='${exec_prefix}/lib'
libexecdir='${exec_prefix}/libexec'
localedir='${datarootdir}/locale'
localstatedir='${prefix}/var'
lt_ECHO='echo'
mandir='${datarootdir}/man'
mkdir_p='/bin/mkdir -p'
oldincludedir='/usr/include'
pdfdir='${docdir}'
prefix='/usr/local'
program_transform_name='s,x,x,'
psdir='${docdir}'
sbindir='${exec_prefix}/sbin'
sharedstatedir='${prefix}/com'
sysconfdir='${prefix}/etc'
target_alias=''

## ----------- ##
## confdefs.h. ##
## ----------- ##

/* confdefs.h */
#define PACKAGE_NAME ""
#define PACKAGE_TARNAME ""
#define PACKAGE_VERSION ""
#define PACKAGE_STRING ""
#define PACKAGE_BUGREPORT ""
#define PACKAGE_URL ""
#define PACKAGE "eviacam"
#define VERSION "1.7.0"
#define STDC_HEADERS 1
#define HAVE_SYS_TYPES_H 1
#define HAVE_SYS_STAT_H 1
#define HAVE_STDLIB_H 1
#define HAVE_STRING_H 1
#define HAVE_MEMORY_H 1
#define HAVE_STRINGS_H 1
#define HAVE_INTTYPES_H 1
#define HAVE_STDINT_H 1
#define HAVE_UNISTD_H 1
#define HAVE_DLFCN_H 1
#define LT_OBJDIR ".libs/"
#define ENABLE_NLS 1
#define HAVE_GETTEXT 1
#define HAVE_DCGETTEXT 1
#define HAVE_LIBX11 1
#define HAVE_LIBXEXT 1
#define HAVE_LIBXTST 1
#define HAVE_FLOAT_H 1
#define HAVE_SYS_TIMEB_H 1
#define HAVE__BOOL 1
#define HAVE_STDBOOL_H 1

configure: exit 0
